<?xml version="1.0" encoding="UTF-8"?>
<testsuite xmlns:xsi="http://www.w3.org/2001/XMLSchema-instance" xsi:noNamespaceSchemaLocation="https://maven.apache.org/surefire/maven-surefire-plugin/xsd/surefire-test-report.xsd" name="org.eclipse.leshan.integration.tests.WriteTest" time="1.987" tests="44" errors="0" skipped="0" failures="0">
  <properties>
    <property name="gopherProxySet" value="false"/>
    <property name="awt.toolkit" value="sun.lwawt.macosx.LWCToolkit"/>
    <property name="file.encoding.pkg" value="sun.io"/>
    <property name="java.specification.version" value="1.8"/>
    <property name="sun.cpu.isalist" value=""/>
    <property name="sun.jnu.encoding" value="UTF-8"/>
    <property name="java.class.path" value="/Users/henrynguyen/coap/leshan.merge/leshan-integration-tests/target/test-classes:/Users/henrynguyen/coap/leshan.merge/leshan-integration-tests/target/classes:/Users/henrynguyen/coap/leshan.merge/leshan-server-cf/target/leshan-server-cf-1.0.0-SNAPSHOT.jar:/Users/henrynguyen/coap/leshan.merge/leshan-core-cf/target/leshan-core-cf-1.0.0-SNAPSHOT.jar:/Users/henrynguyen/coap/leshan.merge/leshan-server-core/target/leshan-server-core-1.0.0-SNAPSHOT.jar:/Users/henrynguyen/coap/leshan.merge/leshan-server-cluster/target/leshan-server-cluster-1.0.0-SNAPSHOT.jar:/Users/henrynguyen/coap/leshan.merge/leshan-core/target/leshan-core-1.0.0-SNAPSHOT.jar:/Users/henrynguyen/.m2/repository/io/netty/netty-all/4.1.1.Final/netty-all-4.1.1.Final.jar:/Users/henrynguyen/.m2/repository/redis/clients/jedis/2.8.0/jedis-2.8.0.jar:/Users/henrynguyen/.m2/repository/org/apache/commons/commons-pool2/2.3/commons-pool2-2.3.jar:/Users/henrynguyen/.m2/repository/com/eclipsesource/minimal-json/minimal-json/0.9.5/minimal-json-0.9.5.jar:/Users/henrynguyen/.m2/repository/commons-cli/commons-cli/1.3.1/commons-cli-1.3.1.jar:/Users/henrynguyen/coap/leshan.merge/leshan-client-cf/target/leshan-client-cf-1.0.0-SNAPSHOT.jar:/Users/henrynguyen/coap/leshan.merge/leshan-client-core/target/leshan-client-core-1.0.0-SNAPSHOT.jar:/Users/henrynguyen/.m2/repository/junit/junit/4.11/junit-4.11.jar:/Users/henrynguyen/.m2/repository/org/hamcrest/hamcrest-core/1.3/hamcrest-core-1.3.jar:/Users/henrynguyen/.m2/repository/ch/qos/logback/logback-classic/1.2.3/logback-classic-1.2.3.jar:/Users/henrynguyen/.m2/repository/ch/qos/logback/logback-core/1.2.3/logback-core-1.2.3.jar:/Users/henrynguyen/.m2/repository/org/slf4j/slf4j-api/1.7.25/slf4j-api-1.7.25.jar:"/>
    <property name="java.vm.vendor" value="Oracle Corporation"/>
    <property name="sun.arch.data.model" value="64"/>
    <property name="java.vendor.url" value="http://java.oracle.com/"/>
    <property name="user.timezone" value="Australia/Melbourne"/>
    <property name="java.vm.specification.version" value="1.8"/>
    <property name="os.name" value="Mac OS X"/>
    <property name="user.country" value="AU"/>
    <property name="sun.java.launcher" value="SUN_STANDARD"/>
    <property name="sun.boot.library.path" value="/Library/Java/JavaVirtualMachines/jdk1.8.0_121.jdk/Contents/Home/jre/lib"/>
    <property name="sun.java.command" value="/Users/henrynguyen/coap/leshan.merge/leshan-integration-tests/target/surefire/surefirebooter5542584900652902303.jar /Users/henrynguyen/coap/leshan.merge/leshan-integration-tests/target/surefire 2018-08-22T14-15-16_442-jvmRun1 surefire2049830745401858968tmp surefire_07976475995800567377tmp"/>
    <property name="http.nonProxyHosts" value="local|*.local|169.254/16|*.169.254/16"/>
    <property name="surefire.test.class.path" value="/Users/henrynguyen/coap/leshan.merge/leshan-integration-tests/target/test-classes:/Users/henrynguyen/coap/leshan.merge/leshan-integration-tests/target/classes:/Users/henrynguyen/coap/leshan.merge/leshan-server-cf/target/leshan-server-cf-1.0.0-SNAPSHOT.jar:/Users/henrynguyen/coap/leshan.merge/leshan-core-cf/target/leshan-core-cf-1.0.0-SNAPSHOT.jar:/Users/henrynguyen/coap/leshan.merge/leshan-server-core/target/leshan-server-core-1.0.0-SNAPSHOT.jar:/Users/henrynguyen/coap/leshan.merge/leshan-server-cluster/target/leshan-server-cluster-1.0.0-SNAPSHOT.jar:/Users/henrynguyen/coap/leshan.merge/leshan-core/target/leshan-core-1.0.0-SNAPSHOT.jar:/Users/henrynguyen/.m2/repository/io/netty/netty-all/4.1.1.Final/netty-all-4.1.1.Final.jar:/Users/henrynguyen/.m2/repository/redis/clients/jedis/2.8.0/jedis-2.8.0.jar:/Users/henrynguyen/.m2/repository/org/apache/commons/commons-pool2/2.3/commons-pool2-2.3.jar:/Users/henrynguyen/.m2/repository/com/eclipsesource/minimal-json/minimal-json/0.9.5/minimal-json-0.9.5.jar:/Users/henrynguyen/.m2/repository/commons-cli/commons-cli/1.3.1/commons-cli-1.3.1.jar:/Users/henrynguyen/coap/leshan.merge/leshan-client-cf/target/leshan-client-cf-1.0.0-SNAPSHOT.jar:/Users/henrynguyen/coap/leshan.merge/leshan-client-core/target/leshan-client-core-1.0.0-SNAPSHOT.jar:/Users/henrynguyen/.m2/repository/junit/junit/4.11/junit-4.11.jar:/Users/henrynguyen/.m2/repository/org/hamcrest/hamcrest-core/1.3/hamcrest-core-1.3.jar:/Users/henrynguyen/.m2/repository/ch/qos/logback/logback-classic/1.2.3/logback-classic-1.2.3.jar:/Users/henrynguyen/.m2/repository/ch/qos/logback/logback-core/1.2.3/logback-core-1.2.3.jar:/Users/henrynguyen/.m2/repository/org/slf4j/slf4j-api/1.7.25/slf4j-api-1.7.25.jar:"/>
    <property name="sun.cpu.endian" value="little"/>
    <property name="user.home" value="/Users/henrynguyen"/>
    <property name="user.language" value="en"/>
    <property name="java.specification.vendor" value="Oracle Corporation"/>
    <property name="java.home" value="/Library/Java/JavaVirtualMachines/jdk1.8.0_121.jdk/Contents/Home/jre"/>
    <property name="basedir" value="/Users/henrynguyen/coap/leshan.merge/leshan-integration-tests"/>
    <property name="file.separator" value="/"/>
    <property name="line.separator" value="&#10;"/>
    <property name="java.vm.specification.vendor" value="Oracle Corporation"/>
    <property name="java.specification.name" value="Java Platform API Specification"/>
    <property name="java.awt.graphicsenv" value="sun.awt.CGraphicsEnvironment"/>
    <property name="surefire.real.class.path" value="/Users/henrynguyen/coap/leshan.merge/leshan-integration-tests/target/surefire/surefirebooter5542584900652902303.jar"/>
    <property name="logback.configurationFile" value="logback-test.xml"/>
    <property name="sun.boot.class.path" value="/Library/Java/JavaVirtualMachines/jdk1.8.0_121.jdk/Contents/Home/jre/lib/resources.jar:/Library/Java/JavaVirtualMachines/jdk1.8.0_121.jdk/Contents/Home/jre/lib/rt.jar:/Library/Java/JavaVirtualMachines/jdk1.8.0_121.jdk/Contents/Home/jre/lib/sunrsasign.jar:/Library/Java/JavaVirtualMachines/jdk1.8.0_121.jdk/Contents/Home/jre/lib/jsse.jar:/Library/Java/JavaVirtualMachines/jdk1.8.0_121.jdk/Contents/Home/jre/lib/jce.jar:/Library/Java/JavaVirtualMachines/jdk1.8.0_121.jdk/Contents/Home/jre/lib/charsets.jar:/Library/Java/JavaVirtualMachines/jdk1.8.0_121.jdk/Contents/Home/jre/lib/jfr.jar:/Library/Java/JavaVirtualMachines/jdk1.8.0_121.jdk/Contents/Home/jre/classes"/>
    <property name="sun.management.compiler" value="HotSpot 64-Bit Tiered Compilers"/>
    <property name="ftp.nonProxyHosts" value="local|*.local|169.254/16|*.169.254/16"/>
    <property name="java.runtime.version" value="1.8.0_121-b13"/>
    <property name="user.name" value="henrynguyen"/>
    <property name="path.separator" value=":"/>
    <property name="os.version" value="10.13.6"/>
    <property name="java.endorsed.dirs" value="/Library/Java/JavaVirtualMachines/jdk1.8.0_121.jdk/Contents/Home/jre/lib/endorsed"/>
    <property name="java.runtime.name" value="Java(TM) SE Runtime Environment"/>
    <property name="file.encoding" value="UTF-8"/>
    <property name="java.vm.name" value="Java HotSpot(TM) 64-Bit Server VM"/>
    <property name="localRepository" value="/Users/henrynguyen/.m2/repository"/>
    <property name="java.vendor.url.bug" value="http://bugreport.sun.com/bugreport/"/>
    <property name="java.io.tmpdir" value="/var/folders/sh/q6vzyb2548q2rkcdnm1642pr0000gn/T/"/>
    <property name="idea.version" value="2018.2"/>
    <property name="java.version" value="1.8.0_121"/>
    <property name="user.dir" value="/Users/henrynguyen/coap/leshan.merge/leshan-integration-tests"/>
    <property name="os.arch" value="x86_64"/>
    <property name="java.vm.specification.name" value="Java Virtual Machine Specification"/>
    <property name="java.awt.printerjob" value="sun.lwawt.macosx.CPrinterJob"/>
    <property name="sun.os.patch.level" value="unknown"/>
    <property name="java.library.path" value="/Users/henrynguyen/Library/Java/Extensions:/Library/Java/Extensions:/Network/Library/Java/Extensions:/System/Library/Java/Extensions:/usr/lib/java:."/>
    <property name="java.vm.info" value="mixed mode"/>
    <property name="java.vendor" value="Oracle Corporation"/>
    <property name="java.vm.version" value="25.121-b13"/>
    <property name="java.ext.dirs" value="/Users/henrynguyen/Library/Java/Extensions:/Library/Java/JavaVirtualMachines/jdk1.8.0_121.jdk/Contents/Home/jre/lib/ext:/Library/Java/Extensions:/Network/Library/Java/Extensions:/System/Library/Java/Extensions:/usr/lib/java"/>
    <property name="sun.io.unicode.encoding" value="UnicodeBig"/>
    <property name="java.class.version" value="52.0"/>
    <property name="socksNonProxyHosts" value="local|*.local|169.254/16|*.169.254/16"/>
  </properties>
  <testcase name="can_write_object_instance_in_old_tlv" classname="org.eclipse.leshan.integration.tests.WriteTest" time="0.589"/>
  <testcase name="can_write_opaque_resource_in_old_tlv" classname="org.eclipse.leshan.integration.tests.WriteTest" time="0.079"/>
  <testcase name="can_write_time_resource_in_old_json" classname="org.eclipse.leshan.integration.tests.WriteTest" time="0.067"/>
  <testcase name="can_write_multi_instance_objlnk_resource_in_tlv" classname="org.eclipse.leshan.integration.tests.WriteTest" time="0.078"/>
  <testcase name="can_write_string_resource_in_tlv" classname="org.eclipse.leshan.integration.tests.WriteTest" time="0.044"/>
  <testcase name="can_write_boolean_resource_in_old_tlv" classname="org.eclipse.leshan.integration.tests.WriteTest" time="0.093"/>
  <testcase name="send_writerequest_asynchronously_with_bad_payload_raises_codeexception" classname="org.eclipse.leshan.integration.tests.WriteTest" time="0.055"/>
  <testcase name="can_write_opaque_resource_in_opaque" classname="org.eclipse.leshan.integration.tests.WriteTest" time="0.045"/>
  <testcase name="can_write_time_resource_in_tlv" classname="org.eclipse.leshan.integration.tests.WriteTest" time="0.043"/>
  <testcase name="can_write_integer_resource_in_old_tlv" classname="org.eclipse.leshan.integration.tests.WriteTest" time="0.036"/>
  <testcase name="can_write_string_resource_in_json" classname="org.eclipse.leshan.integration.tests.WriteTest" time="0.036"/>
  <testcase name="can_write_string_resource_in_text" classname="org.eclipse.leshan.integration.tests.WriteTest" time="0.035"/>
  <testcase name="can_write_time_resource_in_json" classname="org.eclipse.leshan.integration.tests.WriteTest" time="0.032"/>
  <testcase name="can_write_time_resource_in_text" classname="org.eclipse.leshan.integration.tests.WriteTest" time="0.037"/>
  <testcase name="can_write_opaque_resource_in_old_json" classname="org.eclipse.leshan.integration.tests.WriteTest" time="0.037"/>
  <testcase name="can_write_string_resource_in__old_tlv" classname="org.eclipse.leshan.integration.tests.WriteTest" time="0.031"/>
  <testcase name="can_write_object_instance_in_old_json" classname="org.eclipse.leshan.integration.tests.WriteTest" time="0.034"/>
  <testcase name="can_write_boolean_resource_in_tlv" classname="org.eclipse.leshan.integration.tests.WriteTest" time="0.032"/>
  <testcase name="can_write_string_resource_in__old_json" classname="org.eclipse.leshan.integration.tests.WriteTest" time="0.03"/>
  <testcase name="cannot_write_replacing_incomplete_object_instance" classname="org.eclipse.leshan.integration.tests.WriteTest" time="0.028"/>
  <testcase name="cannot_write_non_writable_resource" classname="org.eclipse.leshan.integration.tests.WriteTest" time="0.023"/>
  <testcase name="can_write_opaque_resource_in_json" classname="org.eclipse.leshan.integration.tests.WriteTest" time="0.028"/>
  <testcase name="send_writerequest_synchronously_with_bad_payload_raises_codeexception" classname="org.eclipse.leshan.integration.tests.WriteTest" time="0.024"/>
  <testcase name="can_write_float_resource_in_json" classname="org.eclipse.leshan.integration.tests.WriteTest" time="0.026"/>
  <testcase name="can_write_float_resource_in_text" classname="org.eclipse.leshan.integration.tests.WriteTest" time="0.023"/>
  <testcase name="can_write_time_resource_in_old_tlv" classname="org.eclipse.leshan.integration.tests.WriteTest" time="0.026"/>
  <testcase name="can_write_opaque_resource_in_tlv" classname="org.eclipse.leshan.integration.tests.WriteTest" time="0.02"/>
  <testcase name="can_write_float_resource_in_old_tlv" classname="org.eclipse.leshan.integration.tests.WriteTest" time="0.042"/>
  <testcase name="can_write_boolean_resource_in_old_json" classname="org.eclipse.leshan.integration.tests.WriteTest" time="0.021"/>
  <testcase name="can_write_single_instance_objlnk_resource_in_text" classname="org.eclipse.leshan.integration.tests.WriteTest" time="0.021"/>
  <testcase name="cannot_write_security_resource" classname="org.eclipse.leshan.integration.tests.WriteTest" time="0.017"/>
  <testcase name="can_write_float_resource_in_tlv" classname="org.eclipse.leshan.integration.tests.WriteTest" time="0.019"/>
  <testcase name="can_write_integer_resource_in_old_json" classname="org.eclipse.leshan.integration.tests.WriteTest" time="0.02"/>
  <testcase name="can_write_object_instance_in_json" classname="org.eclipse.leshan.integration.tests.WriteTest" time="0.021"/>
  <testcase name="can_write_integer_resource_in_tlv" classname="org.eclipse.leshan.integration.tests.WriteTest" time="0.018"/>
  <testcase name="can_write_object_instance_in_tlv" classname="org.eclipse.leshan.integration.tests.WriteTest" time="0.017"/>
  <testcase name="can_write_updating_object_instance" classname="org.eclipse.leshan.integration.tests.WriteTest" time="0.021"/>
  <testcase name="can_write_float_resource_in_old_json" classname="org.eclipse.leshan.integration.tests.WriteTest" time="0.018"/>
  <testcase name="can_write_integer_resource_in_json" classname="org.eclipse.leshan.integration.tests.WriteTest" time="0.017"/>
  <testcase name="can_write_integer_resource_in_text" classname="org.eclipse.leshan.integration.tests.WriteTest" time="0.023"/>
  <testcase name="can_write_single_instance_objlnk_resource_in_tlv" classname="org.eclipse.leshan.integration.tests.WriteTest" time="0.02"/>
  <testcase name="can_write_boolean_resource_in_json" classname="org.eclipse.leshan.integration.tests.WriteTest" time="0.019"/>
  <testcase name="can_write_boolean_resource_in_text" classname="org.eclipse.leshan.integration.tests.WriteTest" time="0.019"/>
  <testcase name="can_write_replacing_object_instance" classname="org.eclipse.leshan.integration.tests.WriteTest" time="0.017"/>
</testsuite>